<?xml version="1.0" encoding="UTF-8"?>
<testng-results ignored="0" total="3" passed="3" failed="0" skipped="0">
  <reporter-output>
  </reporter-output>
  <suite started-at="2023-02-15T13:12:48 IST" name="Default suite" finished-at="2023-02-15T13:12:57 IST" duration-ms="8601">
    <groups>
    </groups>
    <test started-at="2023-02-15T13:12:48 IST" name="Default test" finished-at="2023-02-15T13:12:57 IST" duration-ms="8601">
      <class name="extentReportExample.ExtentReportExample">
        <test-method is-config="true" signature="launchBrowser()[pri:0, instance:extentReportExample.ExtentReportExample@434a63ab]" started-at="2023-02-15T13:12:48 IST" name="launchBrowser" finished-at="2023-02-15T13:12:52 IST" duration-ms="3295" status="PASS">
          <reporter-output>
          </reporter-output>
        </test-method> <!-- launchBrowser -->
        <test-method signature="openBing()[pri:0, instance:extentReportExample.ExtentReportExample@434a63ab]" started-at="2023-02-15T13:12:52 IST" name="openBing" finished-at="2023-02-15T13:12:53 IST" duration-ms="1424" status="PASS">
          <reporter-output>
          </reporter-output>
        </test-method> <!-- openBing -->
        <test-method signature="openGoogle()[pri:0, instance:extentReportExample.ExtentReportExample@434a63ab]" started-at="2023-02-15T13:12:53 IST" name="openGoogle" finished-at="2023-02-15T13:12:55 IST" duration-ms="1877" status="PASS">
          <reporter-output>
          </reporter-output>
        </test-method> <!-- openGoogle -->
        <test-method signature="openWikipedia()[pri:0, instance:extentReportExample.ExtentReportExample@434a63ab]" started-at="2023-02-15T13:12:55 IST" name="openWikipedia" finished-at="2023-02-15T13:12:57 IST" duration-ms="1391" status="PASS">
          <reporter-output>
          </reporter-output>
        </test-method> <!-- openWikipedia -->
        <test-method is-config="true" signature="closeBrowser()[pri:0, instance:extentReportExample.ExtentReportExample@434a63ab]" started-at="2023-02-15T13:12:57 IST" name="closeBrowser" finished-at="2023-02-15T13:12:57 IST" duration-ms="556" status="PASS">
          <reporter-output>
          </reporter-output>
        </test-method> <!-- closeBrowser -->
      </class> <!-- extentReportExample.ExtentReportExample -->
    </test> <!-- Default test -->
  </suite> <!-- Default suite -->
</testng-results>
