<?xml version="1.0" encoding="UTF-8"?>
<!-- Generated by org.testng.reporters.JUnitXMLReporter -->
<testsuite ignored="0" hostname="DESKTOP-C1TU1OE" failures="0" tests="3" name="Default test" time="8.601" errors="0" timestamp="2023-02-15T13:12:57 IST">
  <testcase classname="extentReportExample.ExtentReportExample" name="openBing" time="1.424"/>
  <testcase classname="extentReportExample.ExtentReportExample" name="openGoogle" time="1.877"/>
  <testcase classname="extentReportExample.ExtentReportExample" name="openWikipedia" time="1.391"/>
</testsuite> <!-- Default test -->
